<?xml version="1.0" encoding="UTF-8"?>
<testsuite name="pockyProject.server.ServerApplicationTests" tests="1" skipped="0" failures="0" errors="0" timestamp="2024-09-19T12:18:35" hostname="gangjuhyeong-ui-MacBookPro.local" time="0.257">
  <properties/>
  <testcase name="contextLoads()" classname="pockyProject.server.ServerApplicationTests" time="0.257"/>
  <system-out><![CDATA[21:18:34.257 [Test worker] INFO org.springframework.test.context.support.AnnotationConfigContextLoaderUtils -- Could not detect default configuration classes for test class [pockyProject.server.ServerApplicationTests]: ServerApplicationTests does not declare any static, non-private, non-final, nested classes annotated with @Configuration.
21:18:34.295 [Test worker] INFO org.springframework.boot.test.context.SpringBootTestContextBootstrapper -- Found @SpringBootConfiguration pockyProject.server.ServerApplication for test class pockyProject.server.ServerApplicationTests

  .   ____          _            __ _ _
 /\\ / ___'_ __ _ _(_)_ __  __ _ \ \ \ \
( ( )\___ | '_ | '_| | '_ \/ _` | \ \ \ \
 \\/  ___)| |_)| | | | | || (_| |  ) ) ) )
  '  |____| .__|_| |_|_| |_\__, | / / / /
 =========|_|==============|___/=/_/_/_/

 :: Spring Boot ::                (v3.3.3)

2024-09-19T21:18:34.446+09:00  INFO 25941 --- [server] [    Test worker] p.server.ServerApplicationTests          : Starting ServerApplicationTests using Java 17.0.12 with PID 25941 (started by wngud in /Users/wngud/Desktop/projectServer/Pocky_Server-main)
2024-09-19T21:18:34.447+09:00  INFO 25941 --- [server] [    Test worker] p.server.ServerApplicationTests          : The following 1 profile is active: "local"
2024-09-19T21:18:34.659+09:00  INFO 25941 --- [server] [    Test worker] .s.d.r.c.RepositoryConfigurationDelegate : Bootstrapping Spring Data JPA repositories in DEFAULT mode.
2024-09-19T21:18:34.678+09:00  INFO 25941 --- [server] [    Test worker] .s.d.r.c.RepositoryConfigurationDelegate : Finished Spring Data repository scanning in 16 ms. Found 1 JPA repository interface.
2024-09-19T21:18:34.813+09:00  INFO 25941 --- [server] [    Test worker] com.zaxxer.hikari.HikariDataSource       : HikariPool-1 - Starting...
2024-09-19T21:18:35.033+09:00  INFO 25941 --- [server] [    Test worker] com.zaxxer.hikari.pool.HikariPool        : HikariPool-1 - Added connection com.mysql.cj.jdbc.ConnectionImpl@1c1fa494
2024-09-19T21:18:35.035+09:00  INFO 25941 --- [server] [    Test worker] com.zaxxer.hikari.HikariDataSource       : HikariPool-1 - Start completed.
2024-09-19T21:18:35.051+09:00  INFO 25941 --- [server] [    Test worker] o.hibernate.jpa.internal.util.LogHelper  : HHH000204: Processing PersistenceUnitInfo [name: default]
2024-09-19T21:18:35.068+09:00  INFO 25941 --- [server] [    Test worker] org.hibernate.Version                    : HHH000412: Hibernate ORM core version 6.5.2.Final
2024-09-19T21:18:35.080+09:00  INFO 25941 --- [server] [    Test worker] o.h.c.internal.RegionFactoryInitiator    : HHH000026: Second-level cache disabled
2024-09-19T21:18:35.186+09:00  INFO 25941 --- [server] [    Test worker] o.s.o.j.p.SpringPersistenceUnitInfo      : No LoadTimeWeaver setup: ignoring JPA class transformer
2024-09-19T21:18:35.510+09:00  INFO 25941 --- [server] [    Test worker] o.h.e.t.j.p.i.JtaPlatformInitiator       : HHH000489: No JTA platform available (set 'hibernate.transaction.jta.platform' to enable JTA platform integration)
2024-09-19T21:18:35.512+09:00  INFO 25941 --- [server] [    Test worker] j.LocalContainerEntityManagerFactoryBean : Initialized JPA EntityManagerFactory for persistence unit 'default'
2024-09-19T21:18:35.654+09:00  WARN 25941 --- [server] [    Test worker] JpaBaseConfiguration$JpaWebConfiguration : spring.jpa.open-in-view is enabled by default. Therefore, database queries may be performed during view rendering. Explicitly configure spring.jpa.open-in-view to disable this warning
2024-09-19T21:18:35.802+09:00  INFO 25941 --- [server] [    Test worker] p.server.ServerApplicationTests          : Started ServerApplicationTests in 1.448 seconds (process running for 1.856)
]]></system-out>
  <system-err><![CDATA[]]></system-err>
</testsuite>
